<?xml version="1.0" encoding="UTF-8"?>
<!-- Generated by org.testng.reporters.JUnitXMLReporter -->
<testsuite ignored="0" hostname="MAVPUN1121205" failures="0" tests="5" name="Test" time="0.049" errors="0" timestamp="2024-05-27T11:31:08 IST">
  <testcase classname="session36_BatchTesting.BatchTesting" name="LoginByEmail" time="0.008"/>
  <testcase classname="session36_BatchTesting.BatchTesting" name="LoginByMobileNumber" time="0.001"/>
  <testcase classname="session36_BatchTesting.HomeScreenTest" name="LaunchApplication" time="0.001"/>
  <testcase classname="session36_BatchTesting.HomeScreenTest" name="VerifyTitle" time="0.001"/>
  <testcase classname="session36_BatchTesting.HomeScreenTest" name="Verifylogo" time="0.001"/>
</testsuite> <!-- Test -->
